Sun 08 Mar 2026 15:14:23 INFO  ['offline\\train_recbole.py']
Sun 08 Mar 2026 15:14:23 INFO  
General Hyper Parameters:
gpu_id = 0
use_gpu = True
seed = 2020
state = INFO
reproducibility = True
data_path = ./recbole_data\ml1m_seq
checkpoint_dir = saved
show_progress = True
save_dataset = False
dataset_save_path = None
save_dataloaders = False
dataloaders_save_path = None
log_wandb = False

Training Hyper Parameters:
epochs = 30
train_batch_size = 256
learner = adam
learning_rate = 0.001
train_neg_sample_args = {'distribution': 'none', 'sample_num': 'none', 'alpha': 'none', 'dynamic': False, 'candidate_num': 0}
eval_step = 1
stopping_step = 5
clip_grad_norm = None
weight_decay = 1e-05
loss_decimal_place = 4

Evaluation Hyper Parameters:
eval_args = {'split': {'LS': 'valid_and_test'}, 'order': 'TO', 'group_by': 'user', 'mode': {'valid': 'full', 'test': 'full'}}
repeatable = True
metrics = ['Recall', 'NDCG', 'MRR']
topk = [10, 20]
valid_metric = NDCG@10
valid_metric_bigger = True
eval_batch_size = 256
metric_decimal_place = 4

Dataset Hyper Parameters:
field_separator = 	
seq_separator =  
USER_ID_FIELD = user_id
ITEM_ID_FIELD = item_id
RATING_FIELD = rating
TIME_FIELD = timestamp
seq_len = None
LABEL_FIELD = label
threshold = None
NEG_PREFIX = neg_
load_col = {'inter': ['user_id', 'item_id', 'timestamp']}
unload_col = None
unused_col = None
additional_feat_suffix = None
rm_dup_inter = None
val_interval = None
filter_inter_by_user_or_item = True
user_inter_num_interval = [0,inf)
item_inter_num_interval = [0,inf)
alias_of_user_id = None
alias_of_item_id = None
alias_of_entity_id = None
alias_of_relation_id = None
preload_weight = None
normalize_field = None
normalize_all = None
ITEM_LIST_LENGTH_FIELD = item_length
LIST_SUFFIX = _list
MAX_ITEM_LIST_LENGTH = 50
POSITION_FIELD = position_id
HEAD_ENTITY_ID_FIELD = head_id
TAIL_ENTITY_ID_FIELD = tail_id
RELATION_ID_FIELD = relation_id
ENTITY_ID_FIELD = entity_id
benchmark_filename = None

Other Hyper Parameters: 
worker = 0
wandb_project = recbole
shuffle = True
require_pow = False
enable_amp = False
enable_scaler = False
transform = mask_itemseq
n_layers = 2
n_heads = 2
hidden_size = 128
inner_size = 256
hidden_dropout_prob = 0.1
attn_dropout_prob = 0.2
hidden_act = gelu
layer_norm_eps = 1e-12
initializer_range = 0.02
mask_ratio = 0.2
loss_type = CE
ft_ratio = 0.5
numerical_features = []
discretization = None
kg_reverse_r = False
entity_kg_num_interval = [0,inf)
relation_kg_num_interval = [0,inf)
MODEL_TYPE = ModelType.SEQUENTIAL
ordering_args = {'strategy': 'by', 'field': 'timestamp'}
ITEM_LIST_FIELD = item_id_list
num_hidden_layers = 2
num_attention_heads = 4
attention_probs_dropout_prob = 0.1
device = cuda
MODEL_INPUT_TYPE = InputType.POINTWISE
eval_type = EvaluatorType.RANKING
single_spec = True
local_rank = 0
valid_neg_sample_args = {'distribution': 'uniform', 'sample_num': 'none'}
test_neg_sample_args = {'distribution': 'uniform', 'sample_num': 'none'}


Sun 08 Mar 2026 15:14:25 INFO  ml1m_seq
The number of users: 6041
Average actions of users: 210.558940397351
The number of items: 3707
Average actions of items: 343.16675661090125
The number of inters: 1271776
The sparsity of the dataset: 94.32090408911999%
Remain Fields: ['user_id', 'item_id', 'timestamp']
Sun 08 Mar 2026 15:14:35 INFO  [Training]: train_batch_size = [256] train_neg_sample_args: [{'distribution': 'none', 'sample_num': 'none', 'alpha': 'none', 'dynamic': False, 'candidate_num': 0}]
Sun 08 Mar 2026 15:14:35 INFO  [Evaluation]: eval_batch_size = [256] eval_args: [{'split': {'LS': 'valid_and_test'}, 'order': 'TO', 'group_by': 'user', 'mode': {'valid': 'full', 'test': 'full'}}]
Sun 08 Mar 2026 15:14:35 INFO  BERT4Rec(
  (item_embedding): Embedding(3708, 128, padding_idx=0)
  (position_embedding): Embedding(50, 128)
  (trm_encoder): TransformerEncoder(
    (layer): ModuleList(
      (0-1): 2 x TransformerLayer(
        (multi_head_attention): MultiHeadAttention(
          (query): Linear(in_features=128, out_features=128, bias=True)
          (key): Linear(in_features=128, out_features=128, bias=True)
          (value): Linear(in_features=128, out_features=128, bias=True)
          (softmax): Softmax(dim=-1)
          (attn_dropout): Dropout(p=0.2, inplace=False)
          (dense): Linear(in_features=128, out_features=128, bias=True)
          (LayerNorm): LayerNorm((128,), eps=1e-12, elementwise_affine=True)
          (out_dropout): Dropout(p=0.1, inplace=False)
        )
        (feed_forward): FeedForward(
          (dense_1): Linear(in_features=128, out_features=256, bias=True)
          (dense_2): Linear(in_features=256, out_features=128, bias=True)
          (LayerNorm): LayerNorm((128,), eps=1e-12, elementwise_affine=True)
          (dropout): Dropout(p=0.1, inplace=False)
        )
      )
    )
  )
  (LayerNorm): LayerNorm((128,), eps=1e-12, elementwise_affine=True)
  (dropout): Dropout(p=0.1, inplace=False)
  (output_ffn): Linear(in_features=128, out_features=128, bias=True)
  (output_gelu): GELU(approximate='none')
  (output_ln): LayerNorm((128,), eps=1e-12, elementwise_affine=True)
)
Trainable parameters: 766715
Sun 08 Mar 2026 15:14:35 INFO  FLOPs: 14045928.0
Sun 08 Mar 2026 15:18:53 INFO  epoch 0 training [time: 256.88s, train loss: 28394.0357]
Sun 08 Mar 2026 15:18:53 INFO  epoch 0 evaluating [time: 0.35s, valid_score: 0.127800]
Sun 08 Mar 2026 15:18:53 INFO  valid result: 
recall@10 : 0.2368    recall@20 : 0.3477    ndcg@10 : 0.1278    ndcg@20 : 0.1558    mrr@10 : 0.0949    mrr@20 : 0.1025
Sun 08 Mar 2026 15:18:53 INFO  Saving current: saved\BERT4Rec-Mar-08-2026_15-14-35.pth
Sun 08 Mar 2026 15:23:10 INFO  epoch 1 training [time: 256.52s, train loss: 25511.0665]
Sun 08 Mar 2026 15:23:10 INFO  epoch 1 evaluating [time: 0.36s, valid_score: 0.164300]
Sun 08 Mar 2026 15:23:10 INFO  valid result: 
recall@10 : 0.2675    recall@20 : 0.376    ndcg@10 : 0.1643    ndcg@20 : 0.1916    mrr@10 : 0.1332    mrr@20 : 0.1407
Sun 08 Mar 2026 15:23:10 INFO  Saving current: saved\BERT4Rec-Mar-08-2026_15-14-35.pth
Sun 08 Mar 2026 15:27:29 INFO  epoch 2 training [time: 258.20s, train loss: 24428.3168]
Sun 08 Mar 2026 15:27:29 INFO  epoch 2 evaluating [time: 0.32s, valid_score: 0.186900]
Sun 08 Mar 2026 15:27:29 INFO  valid result: 
recall@10 : 0.2912    recall@20 : 0.3877    ndcg@10 : 0.1869    ndcg@20 : 0.2112    mrr@10 : 0.1556    mrr@20 : 0.1622
Sun 08 Mar 2026 15:27:29 INFO  Saving current: saved\BERT4Rec-Mar-08-2026_15-14-35.pth
Sun 08 Mar 2026 15:31:47 INFO  epoch 3 training [time: 258.33s, train loss: 23793.4522]
Sun 08 Mar 2026 15:31:48 INFO  epoch 3 evaluating [time: 0.34s, valid_score: 0.192400]
Sun 08 Mar 2026 15:31:48 INFO  valid result: 
recall@10 : 0.296    recall@20 : 0.3959    ndcg@10 : 0.1924    ndcg@20 : 0.2175    mrr@10 : 0.1609    mrr@20 : 0.1677
Sun 08 Mar 2026 15:31:48 INFO  Saving current: saved\BERT4Rec-Mar-08-2026_15-14-35.pth
Sun 08 Mar 2026 15:36:06 INFO  epoch 4 training [time: 258.31s, train loss: 23397.5520]
Sun 08 Mar 2026 15:36:06 INFO  epoch 4 evaluating [time: 0.32s, valid_score: 0.197300]
Sun 08 Mar 2026 15:36:06 INFO  valid result: 
recall@10 : 0.2975    recall@20 : 0.4035    ndcg@10 : 0.1973    ndcg@20 : 0.2241    mrr@10 : 0.1669    mrr@20 : 0.1742
Sun 08 Mar 2026 15:36:06 INFO  Saving current: saved\BERT4Rec-Mar-08-2026_15-14-35.pth
Sun 08 Mar 2026 15:40:24 INFO  epoch 5 training [time: 257.54s, train loss: 23108.1835]
Sun 08 Mar 2026 15:40:24 INFO  epoch 5 evaluating [time: 0.34s, valid_score: 0.204700]
Sun 08 Mar 2026 15:40:24 INFO  valid result: 
recall@10 : 0.3073    recall@20 : 0.4093    ndcg@10 : 0.2047    ndcg@20 : 0.2302    mrr@10 : 0.1736    mrr@20 : 0.1805
Sun 08 Mar 2026 15:40:24 INFO  Saving current: saved\BERT4Rec-Mar-08-2026_15-14-35.pth
Sun 08 Mar 2026 15:44:43 INFO  epoch 6 training [time: 258.42s, train loss: 22794.9164]
Sun 08 Mar 2026 15:44:43 INFO  epoch 6 evaluating [time: 0.32s, valid_score: 0.213700]
Sun 08 Mar 2026 15:44:43 INFO  valid result: 
recall@10 : 0.3161    recall@20 : 0.4177    ndcg@10 : 0.2137    ndcg@20 : 0.2393    mrr@10 : 0.1827    mrr@20 : 0.1897
Sun 08 Mar 2026 15:44:43 INFO  Saving current: saved\BERT4Rec-Mar-08-2026_15-14-35.pth
Sun 08 Mar 2026 15:49:02 INFO  epoch 7 training [time: 258.65s, train loss: 22598.4711]
Sun 08 Mar 2026 15:49:02 INFO  epoch 7 evaluating [time: 0.35s, valid_score: 0.208400]
Sun 08 Mar 2026 15:49:02 INFO  valid result: 
recall@10 : 0.3111    recall@20 : 0.4219    ndcg@10 : 0.2084    ndcg@20 : 0.2364    mrr@10 : 0.1774    mrr@20 : 0.185
Sun 08 Mar 2026 15:53:20 INFO  epoch 8 training [time: 258.29s, train loss: 22425.5560]
Sun 08 Mar 2026 15:53:21 INFO  epoch 8 evaluating [time: 0.33s, valid_score: 0.213800]
Sun 08 Mar 2026 15:53:21 INFO  valid result: 
recall@10 : 0.322    recall@20 : 0.4214    ndcg@10 : 0.2138    ndcg@20 : 0.2389    mrr@10 : 0.1811    mrr@20 : 0.1879
Sun 08 Mar 2026 15:53:21 INFO  Saving current: saved\BERT4Rec-Mar-08-2026_15-14-35.pth
Sun 08 Mar 2026 15:57:39 INFO  epoch 9 training [time: 258.52s, train loss: 22318.9875]
Sun 08 Mar 2026 15:57:39 INFO  epoch 9 evaluating [time: 0.33s, valid_score: 0.217300]
Sun 08 Mar 2026 15:57:39 INFO  valid result: 
recall@10 : 0.3278    recall@20 : 0.4281    ndcg@10 : 0.2173    ndcg@20 : 0.2425    mrr@10 : 0.1839    mrr@20 : 0.1907
Sun 08 Mar 2026 15:57:39 INFO  Saving current: saved\BERT4Rec-Mar-08-2026_15-14-35.pth
Sun 08 Mar 2026 16:01:58 INFO  epoch 10 training [time: 258.31s, train loss: 22169.8973]
Sun 08 Mar 2026 16:01:58 INFO  epoch 10 evaluating [time: 0.33s, valid_score: 0.222700]
Sun 08 Mar 2026 16:01:58 INFO  valid result: 
recall@10 : 0.3278    recall@20 : 0.4278    ndcg@10 : 0.2227    ndcg@20 : 0.2477    mrr@10 : 0.1907    mrr@20 : 0.1975
Sun 08 Mar 2026 16:01:58 INFO  Saving current: saved\BERT4Rec-Mar-08-2026_15-14-35.pth
Sun 08 Mar 2026 16:06:17 INFO  epoch 11 training [time: 258.69s, train loss: 22073.0567]
Sun 08 Mar 2026 16:06:17 INFO  epoch 11 evaluating [time: 0.34s, valid_score: 0.220400]
Sun 08 Mar 2026 16:06:17 INFO  valid result: 
recall@10 : 0.328    recall@20 : 0.4374    ndcg@10 : 0.2204    ndcg@20 : 0.248    mrr@10 : 0.1878    mrr@20 : 0.1954
Sun 08 Mar 2026 16:10:35 INFO  epoch 12 training [time: 258.23s, train loss: 21983.7258]
Sun 08 Mar 2026 16:10:36 INFO  epoch 12 evaluating [time: 0.32s, valid_score: 0.224000]
Sun 08 Mar 2026 16:10:36 INFO  valid result: 
recall@10 : 0.3328    recall@20 : 0.4379    ndcg@10 : 0.224    ndcg@20 : 0.2505    mrr@10 : 0.191    mrr@20 : 0.1982
Sun 08 Mar 2026 16:10:36 INFO  Saving current: saved\BERT4Rec-Mar-08-2026_15-14-35.pth
Sun 08 Mar 2026 16:14:53 INFO  epoch 13 training [time: 257.63s, train loss: 21924.4948]
Sun 08 Mar 2026 16:14:54 INFO  epoch 13 evaluating [time: 0.32s, valid_score: 0.226800]
Sun 08 Mar 2026 16:14:54 INFO  valid result: 
recall@10 : 0.3366    recall@20 : 0.4339    ndcg@10 : 0.2268    ndcg@20 : 0.2514    mrr@10 : 0.1936    mrr@20 : 0.2002
Sun 08 Mar 2026 16:14:54 INFO  Saving current: saved\BERT4Rec-Mar-08-2026_15-14-35.pth
Sun 08 Mar 2026 16:19:12 INFO  epoch 14 training [time: 258.17s, train loss: 21838.3196]
Sun 08 Mar 2026 16:19:12 INFO  epoch 14 evaluating [time: 0.33s, valid_score: 0.226100]
Sun 08 Mar 2026 16:19:12 INFO  valid result: 
recall@10 : 0.3333    recall@20 : 0.4368    ndcg@10 : 0.2261    ndcg@20 : 0.2521    mrr@10 : 0.1936    mrr@20 : 0.2007
Sun 08 Mar 2026 16:23:31 INFO  epoch 15 training [time: 258.97s, train loss: 21768.7310]
Sun 08 Mar 2026 16:23:31 INFO  epoch 15 evaluating [time: 0.33s, valid_score: 0.231100]
Sun 08 Mar 2026 16:23:31 INFO  valid result: 
recall@10 : 0.3404    recall@20 : 0.4391    ndcg@10 : 0.2311    ndcg@20 : 0.2559    mrr@10 : 0.198    mrr@20 : 0.2047
Sun 08 Mar 2026 16:23:31 INFO  Saving current: saved\BERT4Rec-Mar-08-2026_15-14-35.pth
Sun 08 Mar 2026 16:27:50 INFO  epoch 16 training [time: 258.15s, train loss: 21724.3003]
Sun 08 Mar 2026 16:27:50 INFO  epoch 16 evaluating [time: 0.34s, valid_score: 0.226800]
Sun 08 Mar 2026 16:27:50 INFO  valid result: 
recall@10 : 0.3363    recall@20 : 0.4288    ndcg@10 : 0.2268    ndcg@20 : 0.2501    mrr@10 : 0.1935    mrr@20 : 0.1998
Sun 08 Mar 2026 16:32:08 INFO  epoch 17 training [time: 258.47s, train loss: 21716.7411]
Sun 08 Mar 2026 16:32:09 INFO  epoch 17 evaluating [time: 0.33s, valid_score: 0.232500]
Sun 08 Mar 2026 16:32:09 INFO  valid result: 
recall@10 : 0.3394    recall@20 : 0.4376    ndcg@10 : 0.2325    ndcg@20 : 0.2572    mrr@10 : 0.1999    mrr@20 : 0.2067
Sun 08 Mar 2026 16:32:09 INFO  Saving current: saved\BERT4Rec-Mar-08-2026_15-14-35.pth
Sun 08 Mar 2026 16:36:27 INFO  epoch 18 training [time: 258.35s, train loss: 21641.5463]
Sun 08 Mar 2026 16:36:27 INFO  epoch 18 evaluating [time: 0.35s, valid_score: 0.233700]
Sun 08 Mar 2026 16:36:27 INFO  valid result: 
recall@10 : 0.3416    recall@20 : 0.4397    ndcg@10 : 0.2337    ndcg@20 : 0.2584    mrr@10 : 0.2009    mrr@20 : 0.2077
Sun 08 Mar 2026 16:36:27 INFO  Saving current: saved\BERT4Rec-Mar-08-2026_15-14-35.pth
Sun 08 Mar 2026 16:40:46 INFO  epoch 19 training [time: 258.60s, train loss: 21632.6588]
Sun 08 Mar 2026 16:40:46 INFO  epoch 19 evaluating [time: 0.34s, valid_score: 0.232100]
Sun 08 Mar 2026 16:40:46 INFO  valid result: 
recall@10 : 0.3384    recall@20 : 0.4397    ndcg@10 : 0.2321    ndcg@20 : 0.2576    mrr@10 : 0.1999    mrr@20 : 0.2068
Sun 08 Mar 2026 16:45:06 INFO  epoch 20 training [time: 259.36s, train loss: 21571.7640]
Sun 08 Mar 2026 16:45:06 INFO  epoch 20 evaluating [time: 0.33s, valid_score: 0.231400]
Sun 08 Mar 2026 16:45:06 INFO  valid result: 
recall@10 : 0.3396    recall@20 : 0.4407    ndcg@10 : 0.2314    ndcg@20 : 0.2569    mrr@10 : 0.1983    mrr@20 : 0.2053
Sun 08 Mar 2026 16:49:25 INFO  epoch 21 training [time: 258.81s, train loss: 21556.7263]
Sun 08 Mar 2026 16:49:25 INFO  epoch 21 evaluating [time: 0.35s, valid_score: 0.232600]
Sun 08 Mar 2026 16:49:25 INFO  valid result: 
recall@10 : 0.3396    recall@20 : 0.4416    ndcg@10 : 0.2326    ndcg@20 : 0.2583    mrr@10 : 0.2002    mrr@20 : 0.2072
Sun 08 Mar 2026 16:53:46 INFO  epoch 22 training [time: 260.98s, train loss: 21535.9806]
Sun 08 Mar 2026 16:53:47 INFO  epoch 22 evaluating [time: 0.33s, valid_score: 0.235000]
Sun 08 Mar 2026 16:53:47 INFO  valid result: 
recall@10 : 0.3424    recall@20 : 0.4493    ndcg@10 : 0.235    ndcg@20 : 0.262    mrr@10 : 0.2023    mrr@20 : 0.2097
Sun 08 Mar 2026 16:53:47 INFO  Saving current: saved\BERT4Rec-Mar-08-2026_15-14-35.pth
Sun 08 Mar 2026 16:58:05 INFO  epoch 23 training [time: 258.07s, train loss: 21506.0313]
Sun 08 Mar 2026 16:58:05 INFO  epoch 23 evaluating [time: 0.32s, valid_score: 0.235900]
Sun 08 Mar 2026 16:58:05 INFO  valid result: 
recall@10 : 0.346    recall@20 : 0.4401    ndcg@10 : 0.2359    ndcg@20 : 0.2597    mrr@10 : 0.2025    mrr@20 : 0.2089
Sun 08 Mar 2026 16:58:05 INFO  Saving current: saved\BERT4Rec-Mar-08-2026_15-14-35.pth
Sun 08 Mar 2026 17:02:24 INFO  epoch 24 training [time: 258.64s, train loss: 21504.8397]
Sun 08 Mar 2026 17:02:24 INFO  epoch 24 evaluating [time: 0.34s, valid_score: 0.237600]
Sun 08 Mar 2026 17:02:24 INFO  valid result: 
recall@10 : 0.3478    recall@20 : 0.4477    ndcg@10 : 0.2376    ndcg@20 : 0.2627    mrr@10 : 0.204    mrr@20 : 0.2109
Sun 08 Mar 2026 17:02:24 INFO  Saving current: saved\BERT4Rec-Mar-08-2026_15-14-35.pth
Sun 08 Mar 2026 17:06:43 INFO  epoch 25 training [time: 258.59s, train loss: 21461.4961]
Sun 08 Mar 2026 17:06:43 INFO  epoch 25 evaluating [time: 0.34s, valid_score: 0.237000]
Sun 08 Mar 2026 17:06:43 INFO  valid result: 
recall@10 : 0.347    recall@20 : 0.4487    ndcg@10 : 0.237    ndcg@20 : 0.2627    mrr@10 : 0.2035    mrr@20 : 0.2105
Sun 08 Mar 2026 17:11:02 INFO  epoch 26 training [time: 258.87s, train loss: 21419.0728]
Sun 08 Mar 2026 17:11:02 INFO  epoch 26 evaluating [time: 0.33s, valid_score: 0.234700]
Sun 08 Mar 2026 17:11:02 INFO  valid result: 
recall@10 : 0.3447    recall@20 : 0.4472    ndcg@10 : 0.2347    ndcg@20 : 0.2606    mrr@10 : 0.2013    mrr@20 : 0.2084
Sun 08 Mar 2026 17:15:21 INFO  epoch 27 training [time: 258.51s, train loss: 21419.6365]
Sun 08 Mar 2026 17:15:21 INFO  epoch 27 evaluating [time: 0.32s, valid_score: 0.235300]
Sun 08 Mar 2026 17:15:21 INFO  valid result: 
recall@10 : 0.3407    recall@20 : 0.4469    ndcg@10 : 0.2353    ndcg@20 : 0.262    mrr@10 : 0.203    mrr@20 : 0.2103
Sun 08 Mar 2026 17:19:40 INFO  epoch 28 training [time: 258.75s, train loss: 21393.4271]
Sun 08 Mar 2026 17:19:40 INFO  epoch 28 evaluating [time: 0.33s, valid_score: 0.237500]
Sun 08 Mar 2026 17:19:40 INFO  valid result: 
recall@10 : 0.348    recall@20 : 0.4508    ndcg@10 : 0.2375    ndcg@20 : 0.2634    mrr@10 : 0.2039    mrr@20 : 0.211
Sun 08 Mar 2026 17:23:58 INFO  epoch 29 training [time: 258.34s, train loss: 21376.0168]
Sun 08 Mar 2026 17:23:59 INFO  epoch 29 evaluating [time: 0.34s, valid_score: 0.234000]
Sun 08 Mar 2026 17:23:59 INFO  valid result: 
recall@10 : 0.3478    recall@20 : 0.4469    ndcg@10 : 0.234    ndcg@20 : 0.2589    mrr@10 : 0.1994    mrr@20 : 0.2062
Sun 08 Mar 2026 17:23:59 INFO  Loading model structure and parameters from saved\BERT4Rec-Mar-08-2026_15-14-35.pth
Sun 08 Mar 2026 17:24:00 INFO  The running environment of this training is as follows:
+-------------+----------------+
| Environment |     Usage      |
+=============+================+
| CPU         |    21.40 %     |
+-------------+----------------+
| GPU         | 0.48 G/15.92 G |
+-------------+----------------+
| Memory      | 3.31 G/31.75 G |
+-------------+----------------+
Sun 08 Mar 2026 17:24:00 INFO  best valid : OrderedDict([('recall@10', 0.3478), ('recall@20', 0.4477), ('ndcg@10', 0.2376), ('ndcg@20', 0.2627), ('mrr@10', 0.204), ('mrr@20', 0.2109)])
Sun 08 Mar 2026 17:24:00 INFO  test result: OrderedDict([('recall@10', 0.3813), ('recall@20', 0.4644), ('ndcg@10', 0.2763), ('ndcg@20', 0.2972), ('mrr@10', 0.2443), ('mrr@20', 0.25)])
