Sun 08 Mar 2026 12:32:20 INFO  ['.\\offline\\train_recbole.py']
Sun 08 Mar 2026 12:32:20 INFO  
General Hyper Parameters:
gpu_id = 0
use_gpu = True
seed = 2020
state = INFO
reproducibility = True
data_path = ./recbole_data\ml1m_seq
checkpoint_dir = saved
show_progress = True
save_dataset = False
dataset_save_path = None
save_dataloaders = False
dataloaders_save_path = None
log_wandb = False

Training Hyper Parameters:
epochs = 30
train_batch_size = 256
learner = adam
learning_rate = 0.001
train_neg_sample_args = {'distribution': 'none', 'sample_num': 'none', 'alpha': 'none', 'dynamic': False, 'candidate_num': 0}
eval_step = 1
stopping_step = 10
clip_grad_norm = None
weight_decay = 1e-05
loss_decimal_place = 4

Evaluation Hyper Parameters:
eval_args = {'split': {'LS': 'valid_and_test'}, 'order': 'TO', 'group_by': 'user', 'mode': {'valid': 'full', 'test': 'full'}}
repeatable = True
metrics = ['Recall', 'NDCG', 'MRR']
topk = [10, 20]
valid_metric = NDCG@10
valid_metric_bigger = True
eval_batch_size = 256
metric_decimal_place = 4

Dataset Hyper Parameters:
field_separator = 	
seq_separator =  
USER_ID_FIELD = user_id
ITEM_ID_FIELD = item_id
RATING_FIELD = rating
TIME_FIELD = timestamp
seq_len = None
LABEL_FIELD = label
threshold = None
NEG_PREFIX = neg_
load_col = {'inter': ['user_id', 'item_id', 'timestamp']}
unload_col = None
unused_col = None
additional_feat_suffix = None
rm_dup_inter = None
val_interval = None
filter_inter_by_user_or_item = True
user_inter_num_interval = [0,inf)
item_inter_num_interval = [0,inf)
alias_of_user_id = None
alias_of_item_id = None
alias_of_entity_id = None
alias_of_relation_id = None
preload_weight = None
normalize_field = None
normalize_all = None
ITEM_LIST_LENGTH_FIELD = item_length
LIST_SUFFIX = _list
MAX_ITEM_LIST_LENGTH = 80
POSITION_FIELD = position_id
HEAD_ENTITY_ID_FIELD = head_id
TAIL_ENTITY_ID_FIELD = tail_id
RELATION_ID_FIELD = relation_id
ENTITY_ID_FIELD = entity_id
benchmark_filename = None

Other Hyper Parameters: 
worker = 0
wandb_project = recbole
shuffle = True
require_pow = False
enable_amp = False
enable_scaler = False
transform = mask_itemseq
n_layers = 2
n_heads = 2
hidden_size = 128
inner_size = 512
hidden_dropout_prob = 0.2
attn_dropout_prob = 0.2
hidden_act = gelu
layer_norm_eps = 1e-12
initializer_range = 0.02
mask_ratio = 0.2
loss_type = CE
ft_ratio = 0.5
numerical_features = []
discretization = None
kg_reverse_r = False
entity_kg_num_interval = [0,inf)
relation_kg_num_interval = [0,inf)
MODEL_TYPE = ModelType.SEQUENTIAL
ordering_args = {'strategy': 'by', 'field': 'timestamp'}
ITEM_LIST_FIELD = item_id_list
num_hidden_layers = 2
num_attention_heads = 4
attention_probs_dropout_prob = 0.2
device = cuda
MODEL_INPUT_TYPE = InputType.POINTWISE
eval_type = EvaluatorType.RANKING
single_spec = True
local_rank = 0
valid_neg_sample_args = {'distribution': 'uniform', 'sample_num': 'none'}
test_neg_sample_args = {'distribution': 'uniform', 'sample_num': 'none'}


Sun 08 Mar 2026 12:32:22 INFO  ml1m_seq
The number of users: 6041
Average actions of users: 210.558940397351
The number of items: 3707
Average actions of items: 343.16675661090125
The number of inters: 1271776
The sparsity of the dataset: 94.32090408911999%
Remain Fields: ['user_id', 'item_id', 'timestamp']
Sun 08 Mar 2026 12:32:33 INFO  [Training]: train_batch_size = [256] train_neg_sample_args: [{'distribution': 'none', 'sample_num': 'none', 'alpha': 'none', 'dynamic': False, 'candidate_num': 0}]
Sun 08 Mar 2026 12:32:33 INFO  [Evaluation]: eval_batch_size = [256] eval_args: [{'split': {'LS': 'valid_and_test'}, 'order': 'TO', 'group_by': 'user', 'mode': {'valid': 'full', 'test': 'full'}}]
Sun 08 Mar 2026 12:32:33 INFO  BERT4Rec(
  (item_embedding): Embedding(3708, 128, padding_idx=0)
  (position_embedding): Embedding(80, 128)
  (trm_encoder): TransformerEncoder(
    (layer): ModuleList(
      (0-1): 2 x TransformerLayer(
        (multi_head_attention): MultiHeadAttention(
          (query): Linear(in_features=128, out_features=128, bias=True)
          (key): Linear(in_features=128, out_features=128, bias=True)
          (value): Linear(in_features=128, out_features=128, bias=True)
          (softmax): Softmax(dim=-1)
          (attn_dropout): Dropout(p=0.2, inplace=False)
          (dense): Linear(in_features=128, out_features=128, bias=True)
          (LayerNorm): LayerNorm((128,), eps=1e-12, elementwise_affine=True)
          (out_dropout): Dropout(p=0.2, inplace=False)
        )
        (feed_forward): FeedForward(
          (dense_1): Linear(in_features=128, out_features=512, bias=True)
          (dense_2): Linear(in_features=512, out_features=128, bias=True)
          (LayerNorm): LayerNorm((128,), eps=1e-12, elementwise_affine=True)
          (dropout): Dropout(p=0.2, inplace=False)
        )
      )
    )
  )
  (LayerNorm): LayerNorm((128,), eps=1e-12, elementwise_affine=True)
  (dropout): Dropout(p=0.2, inplace=False)
  (output_ffn): Linear(in_features=128, out_features=128, bias=True)
  (output_gelu): GELU(approximate='none')
  (output_ln): LayerNorm((128,), eps=1e-12, elementwise_affine=True)
)
Trainable parameters: 902139
Sun 08 Mar 2026 12:32:34 INFO  FLOPs: 32987968.0
Sun 08 Mar 2026 12:37:32 INFO  epoch 0 training [time: 297.32s, train loss: 28787.2564]
Sun 08 Mar 2026 12:37:32 INFO  epoch 0 evaluating [time: 0.53s, valid_score: 0.120800]
Sun 08 Mar 2026 12:37:32 INFO  valid result: 
recall@10 : 0.2262    recall@20 : 0.3397    ndcg@10 : 0.1208    ndcg@20 : 0.1494    mrr@10 : 0.0889    mrr@20 : 0.0968
Sun 08 Mar 2026 12:37:32 INFO  Saving current: saved\BERT4Rec-Mar-08-2026_12-32-34.pth
Sun 08 Mar 2026 12:42:35 INFO  epoch 1 training [time: 302.31s, train loss: 25859.5448]
Sun 08 Mar 2026 12:42:35 INFO  epoch 1 evaluating [time: 0.51s, valid_score: 0.151000]
Sun 08 Mar 2026 12:42:35 INFO  valid result: 
recall@10 : 0.2623    recall@20 : 0.3768    ndcg@10 : 0.151    ndcg@20 : 0.1798    mrr@10 : 0.1171    mrr@20 : 0.1249
Sun 08 Mar 2026 12:42:35 INFO  Saving current: saved\BERT4Rec-Mar-08-2026_12-32-34.pth
Sun 08 Mar 2026 12:47:34 INFO  epoch 2 training [time: 298.77s, train loss: 24977.9043]
Sun 08 Mar 2026 12:47:35 INFO  epoch 2 evaluating [time: 0.54s, valid_score: 0.173100]
Sun 08 Mar 2026 12:47:35 INFO  valid result: 
recall@10 : 0.2823    recall@20 : 0.3894    ndcg@10 : 0.1731    ndcg@20 : 0.2001    mrr@10 : 0.1402    mrr@20 : 0.1475
Sun 08 Mar 2026 12:47:35 INFO  Saving current: saved\BERT4Rec-Mar-08-2026_12-32-34.pth
Sun 08 Mar 2026 12:52:34 INFO  epoch 3 training [time: 299.57s, train loss: 24452.7948]
Sun 08 Mar 2026 12:52:35 INFO  epoch 3 evaluating [time: 0.51s, valid_score: 0.182800]
Sun 08 Mar 2026 12:52:35 INFO  valid result: 
recall@10 : 0.2891    recall@20 : 0.398    ndcg@10 : 0.1828    ndcg@20 : 0.2102    mrr@10 : 0.1505    mrr@20 : 0.158
Sun 08 Mar 2026 12:52:35 INFO  Saving current: saved\BERT4Rec-Mar-08-2026_12-32-34.pth
Sun 08 Mar 2026 12:57:36 INFO  epoch 4 training [time: 301.38s, train loss: 24125.0623]
Sun 08 Mar 2026 12:57:37 INFO  epoch 4 evaluating [time: 0.54s, valid_score: 0.184300]
Sun 08 Mar 2026 12:57:37 INFO  valid result: 
recall@10 : 0.2887    recall@20 : 0.4098    ndcg@10 : 0.1843    ndcg@20 : 0.2149    mrr@10 : 0.1528    mrr@20 : 0.1611
Sun 08 Mar 2026 12:57:37 INFO  Saving current: saved\BERT4Rec-Mar-08-2026_12-32-34.pth
Sun 08 Mar 2026 13:02:35 INFO  epoch 5 training [time: 298.76s, train loss: 23885.9825]
Sun 08 Mar 2026 13:02:36 INFO  epoch 5 evaluating [time: 0.45s, valid_score: 0.189000]
Sun 08 Mar 2026 13:02:36 INFO  valid result: 
recall@10 : 0.2934    recall@20 : 0.4066    ndcg@10 : 0.189    ndcg@20 : 0.2175    mrr@10 : 0.1574    mrr@20 : 0.1652
Sun 08 Mar 2026 13:02:36 INFO  Saving current: saved\BERT4Rec-Mar-08-2026_12-32-34.pth
Sun 08 Mar 2026 13:07:40 INFO  epoch 6 training [time: 303.67s, train loss: 23711.2099]
Sun 08 Mar 2026 13:07:40 INFO  epoch 6 evaluating [time: 0.42s, valid_score: 0.194100]
Sun 08 Mar 2026 13:07:40 INFO  valid result: 
recall@10 : 0.2985    recall@20 : 0.4113    ndcg@10 : 0.1941    ndcg@20 : 0.2225    mrr@10 : 0.1625    mrr@20 : 0.1702
Sun 08 Mar 2026 13:07:40 INFO  Saving current: saved\BERT4Rec-Mar-08-2026_12-32-34.pth
Sun 08 Mar 2026 13:12:40 INFO  epoch 7 training [time: 299.92s, train loss: 23562.4614]
Sun 08 Mar 2026 13:12:41 INFO  epoch 7 evaluating [time: 0.55s, valid_score: 0.197700]
Sun 08 Mar 2026 13:12:41 INFO  valid result: 
recall@10 : 0.3015    recall@20 : 0.4075    ndcg@10 : 0.1977    ndcg@20 : 0.2245    mrr@10 : 0.1662    mrr@20 : 0.1736
Sun 08 Mar 2026 13:12:41 INFO  Saving current: saved\BERT4Rec-Mar-08-2026_12-32-34.pth
Sun 08 Mar 2026 13:17:43 INFO  epoch 8 training [time: 302.19s, train loss: 23427.1102]
Sun 08 Mar 2026 13:17:43 INFO  epoch 8 evaluating [time: 0.47s, valid_score: 0.196400]
Sun 08 Mar 2026 13:17:43 INFO  valid result: 
recall@10 : 0.3012    recall@20 : 0.4127    ndcg@10 : 0.1964    ndcg@20 : 0.2246    mrr@10 : 0.1646    mrr@20 : 0.1723
Sun 08 Mar 2026 13:22:39 INFO  epoch 9 training [time: 295.99s, train loss: 23338.2982]
Sun 08 Mar 2026 13:22:40 INFO  epoch 9 evaluating [time: 0.45s, valid_score: 0.197500]
Sun 08 Mar 2026 13:22:40 INFO  valid result: 
recall@10 : 0.3022    recall@20 : 0.4099    ndcg@10 : 0.1975    ndcg@20 : 0.2246    mrr@10 : 0.1656    mrr@20 : 0.173
Sun 08 Mar 2026 13:27:40 INFO  epoch 10 training [time: 300.47s, train loss: 23274.5235]
Sun 08 Mar 2026 13:27:41 INFO  epoch 10 evaluating [time: 0.51s, valid_score: 0.199500]
Sun 08 Mar 2026 13:27:41 INFO  valid result: 
recall@10 : 0.3055    recall@20 : 0.4108    ndcg@10 : 0.1995    ndcg@20 : 0.226    mrr@10 : 0.1673    mrr@20 : 0.1745
Sun 08 Mar 2026 13:27:41 INFO  Saving current: saved\BERT4Rec-Mar-08-2026_12-32-34.pth
Sun 08 Mar 2026 13:32:39 INFO  epoch 11 training [time: 298.46s, train loss: 23176.6838]
Sun 08 Mar 2026 13:32:40 INFO  epoch 11 evaluating [time: 0.54s, valid_score: 0.197200]
Sun 08 Mar 2026 13:32:40 INFO  valid result: 
recall@10 : 0.3053    recall@20 : 0.4167    ndcg@10 : 0.1972    ndcg@20 : 0.2252    mrr@10 : 0.1644    mrr@20 : 0.1721
Sun 08 Mar 2026 13:37:40 INFO  epoch 12 training [time: 300.56s, train loss: 23120.2248]
Sun 08 Mar 2026 13:37:41 INFO  epoch 12 evaluating [time: 0.54s, valid_score: 0.200200]
Sun 08 Mar 2026 13:37:41 INFO  valid result: 
recall@10 : 0.3079    recall@20 : 0.4167    ndcg@10 : 0.2002    ndcg@20 : 0.2275    mrr@10 : 0.1676    mrr@20 : 0.175
Sun 08 Mar 2026 13:37:41 INFO  Saving current: saved\BERT4Rec-Mar-08-2026_12-32-34.pth
Sun 08 Mar 2026 13:42:40 INFO  epoch 13 training [time: 299.73s, train loss: 23056.9763]
Sun 08 Mar 2026 13:42:41 INFO  epoch 13 evaluating [time: 0.55s, valid_score: 0.197700]
Sun 08 Mar 2026 13:42:41 INFO  valid result: 
recall@10 : 0.3061    recall@20 : 0.4161    ndcg@10 : 0.1977    ndcg@20 : 0.2254    mrr@10 : 0.1647    mrr@20 : 0.1723
Sun 08 Mar 2026 13:47:39 INFO  epoch 14 training [time: 297.68s, train loss: 23001.4217]
Sun 08 Mar 2026 13:47:39 INFO  epoch 14 evaluating [time: 0.39s, valid_score: 0.203100]
Sun 08 Mar 2026 13:47:39 INFO  valid result: 
recall@10 : 0.3094    recall@20 : 0.4151    ndcg@10 : 0.2031    ndcg@20 : 0.2297    mrr@10 : 0.1708    mrr@20 : 0.1781
Sun 08 Mar 2026 13:47:39 INFO  Saving current: saved\BERT4Rec-Mar-08-2026_12-32-34.pth
Sun 08 Mar 2026 13:52:43 INFO  epoch 15 training [time: 303.86s, train loss: 22936.8255]
Sun 08 Mar 2026 13:52:43 INFO  epoch 15 evaluating [time: 0.42s, valid_score: 0.200600]
Sun 08 Mar 2026 13:52:43 INFO  valid result: 
recall@10 : 0.3043    recall@20 : 0.4053    ndcg@10 : 0.2006    ndcg@20 : 0.2261    mrr@10 : 0.1694    mrr@20 : 0.1763
Sun 08 Mar 2026 13:57:47 INFO  epoch 16 training [time: 303.13s, train loss: 22901.4095]
Sun 08 Mar 2026 13:57:47 INFO  epoch 16 evaluating [time: 0.54s, valid_score: 0.199100]
Sun 08 Mar 2026 13:57:47 INFO  valid result: 
recall@10 : 0.3041    recall@20 : 0.4139    ndcg@10 : 0.1991    ndcg@20 : 0.2267    mrr@10 : 0.1671    mrr@20 : 0.1747
Sun 08 Mar 2026 14:02:43 INFO  epoch 17 training [time: 296.08s, train loss: 22864.1405]
Sun 08 Mar 2026 14:02:44 INFO  epoch 17 evaluating [time: 0.44s, valid_score: 0.197500]
Sun 08 Mar 2026 14:02:44 INFO  valid result: 
recall@10 : 0.303    recall@20 : 0.4126    ndcg@10 : 0.1975    ndcg@20 : 0.2251    mrr@10 : 0.1655    mrr@20 : 0.173
Sun 08 Mar 2026 14:07:45 INFO  epoch 18 training [time: 301.12s, train loss: 22848.4480]
Sun 08 Mar 2026 14:07:45 INFO  epoch 18 evaluating [time: 0.41s, valid_score: 0.203700]
Sun 08 Mar 2026 14:07:45 INFO  valid result: 
recall@10 : 0.3149    recall@20 : 0.4243    ndcg@10 : 0.2037    ndcg@20 : 0.2313    mrr@10 : 0.1699    mrr@20 : 0.1774
Sun 08 Mar 2026 14:07:45 INFO  Saving current: saved\BERT4Rec-Mar-08-2026_12-32-34.pth
Sun 08 Mar 2026 14:12:44 INFO  epoch 19 training [time: 299.12s, train loss: 22812.5756]
Sun 08 Mar 2026 14:12:45 INFO  epoch 19 evaluating [time: 0.46s, valid_score: 0.203100]
Sun 08 Mar 2026 14:12:45 INFO  valid result: 
recall@10 : 0.3118    recall@20 : 0.419    ndcg@10 : 0.2031    ndcg@20 : 0.2302    mrr@10 : 0.17    mrr@20 : 0.1774
Sun 08 Mar 2026 14:17:51 INFO  epoch 20 training [time: 305.93s, train loss: 22761.2021]
Sun 08 Mar 2026 14:17:51 INFO  epoch 20 evaluating [time: 0.55s, valid_score: 0.203600]
Sun 08 Mar 2026 14:17:51 INFO  valid result: 
recall@10 : 0.3106    recall@20 : 0.418    ndcg@10 : 0.2036    ndcg@20 : 0.2307    mrr@10 : 0.1711    mrr@20 : 0.1785
Sun 08 Mar 2026 14:22:54 INFO  epoch 21 training [time: 302.78s, train loss: 22756.7614]
Sun 08 Mar 2026 14:22:54 INFO  epoch 21 evaluating [time: 0.43s, valid_score: 0.204400]
Sun 08 Mar 2026 14:22:54 INFO  valid result: 
recall@10 : 0.3126    recall@20 : 0.4227    ndcg@10 : 0.2044    ndcg@20 : 0.2321    mrr@10 : 0.1715    mrr@20 : 0.1791
Sun 08 Mar 2026 14:22:54 INFO  Saving current: saved\BERT4Rec-Mar-08-2026_12-32-34.pth
Sun 08 Mar 2026 14:27:30 INFO  epoch 22 training [time: 275.26s, train loss: 22742.0787]
Sun 08 Mar 2026 14:27:30 INFO  epoch 22 evaluating [time: 0.38s, valid_score: 0.201500]
Sun 08 Mar 2026 14:27:30 INFO  valid result: 
recall@10 : 0.3132    recall@20 : 0.4132    ndcg@10 : 0.2015    ndcg@20 : 0.2267    mrr@10 : 0.1675    mrr@20 : 0.1744
Sun 08 Mar 2026 14:31:58 INFO  epoch 23 training [time: 268.05s, train loss: 22712.1447]
Sun 08 Mar 2026 14:31:59 INFO  epoch 23 evaluating [time: 0.40s, valid_score: 0.207800]
Sun 08 Mar 2026 14:31:59 INFO  valid result: 
recall@10 : 0.3156    recall@20 : 0.4238    ndcg@10 : 0.2078    ndcg@20 : 0.2351    mrr@10 : 0.175    mrr@20 : 0.1825
Sun 08 Mar 2026 14:31:59 INFO  Saving current: saved\BERT4Rec-Mar-08-2026_12-32-34.pth
Sun 08 Mar 2026 14:36:27 INFO  epoch 24 training [time: 268.50s, train loss: 22676.7128]
Sun 08 Mar 2026 14:36:27 INFO  epoch 24 evaluating [time: 0.41s, valid_score: 0.206300]
Sun 08 Mar 2026 14:36:27 INFO  valid result: 
recall@10 : 0.3177    recall@20 : 0.4247    ndcg@10 : 0.2063    ndcg@20 : 0.2332    mrr@10 : 0.1723    mrr@20 : 0.1797
Sun 08 Mar 2026 14:41:00 INFO  epoch 25 training [time: 272.60s, train loss: 22680.8745]
Sun 08 Mar 2026 14:41:01 INFO  epoch 25 evaluating [time: 0.45s, valid_score: 0.202800]
Sun 08 Mar 2026 14:41:01 INFO  valid result: 
recall@10 : 0.3149    recall@20 : 0.4233    ndcg@10 : 0.2028    ndcg@20 : 0.23    mrr@10 : 0.1688    mrr@20 : 0.1761
Sun 08 Mar 2026 14:46:09 INFO  epoch 26 training [time: 308.13s, train loss: 22667.1862]
Sun 08 Mar 2026 14:46:09 INFO  epoch 26 evaluating [time: 0.58s, valid_score: 0.206800]
Sun 08 Mar 2026 14:46:09 INFO  valid result: 
recall@10 : 0.3136    recall@20 : 0.4215    ndcg@10 : 0.2068    ndcg@20 : 0.234    mrr@10 : 0.1744    mrr@20 : 0.1818
Sun 08 Mar 2026 14:51:16 INFO  epoch 27 training [time: 306.43s, train loss: 22647.0136]
Sun 08 Mar 2026 14:51:16 INFO  epoch 27 evaluating [time: 0.45s, valid_score: 0.207300]
Sun 08 Mar 2026 14:51:16 INFO  valid result: 
recall@10 : 0.3197    recall@20 : 0.4267    ndcg@10 : 0.2073    ndcg@20 : 0.2343    mrr@10 : 0.1732    mrr@20 : 0.1806
Sun 08 Mar 2026 14:56:27 INFO  epoch 28 training [time: 311.03s, train loss: 22628.6771]
Sun 08 Mar 2026 14:56:28 INFO  epoch 28 evaluating [time: 0.58s, valid_score: 0.206200]
Sun 08 Mar 2026 14:56:28 INFO  valid result: 
recall@10 : 0.3126    recall@20 : 0.42    ndcg@10 : 0.2062    ndcg@20 : 0.2333    mrr@10 : 0.1739    mrr@20 : 0.1813
Sun 08 Mar 2026 15:01:45 INFO  epoch 29 training [time: 316.85s, train loss: 22633.2101]
Sun 08 Mar 2026 15:01:45 INFO  epoch 29 evaluating [time: 0.41s, valid_score: 0.207700]
Sun 08 Mar 2026 15:01:45 INFO  valid result: 
recall@10 : 0.3185    recall@20 : 0.4276    ndcg@10 : 0.2077    ndcg@20 : 0.2352    mrr@10 : 0.1742    mrr@20 : 0.1817
